TN:
SF:/usr/www/src/actions/todoActions.js
FN:6,addTodoAction
FN:18,archiveTodoAction
FN:30,updateTodoAction
FNF:3
FNH:3
FNDA:3,addTodoAction
FNDA:2,archiveTodoAction
FNDA:2,updateTodoAction
DA:1,1
DA:2,1
DA:3,1
DA:8,3
DA:20,2
DA:32,2
LF:6
LH:6
BRF:0
BRH:0
end_of_record
TN:
SF:/usr/www/src/components/TodoPage/TodoForm.jsx
FN:7,TodoForm
FNF:1
FNH:1
FNDA:1,TodoForm
DA:1,1
DA:2,1
DA:7,3
DA:9,1
DA:14,1
LF:5
LH:5
BRDA:7,0,0,1
BRDA:7,0,1,0
BRF:2
BRH:1
end_of_record
TN:
SF:/usr/www/src/components/TodoPage/TodoList.jsx
FN:7,TodoList
FN:16,(anonymous_10)
FNF:2
FNH:2
FNDA:2,TodoList
FNDA:6,(anonymous_10)
DA:1,1
DA:2,1
DA:7,6
DA:9,2
DA:13,2
DA:18,6
LF:6
LH:6
BRDA:7,0,0,2
BRDA:7,0,1,0
BRF:2
BRH:1
end_of_record
TN:
SF:/usr/www/src/components/TodoPage/TodoListContainer.jsx
FN:9,TodoListContainer
FN:24,mapStateToProps
FNF:2
FNH:2
FNDA:1,TodoListContainer
FNDA:1,mapStateToProps
DA:1,1
DA:2,1
DA:3,1
DA:4,1
DA:9,3
DA:11,1
DA:15,1
DA:26,1
LF:8
LH:8
BRDA:9,0,0,1
BRDA:9,0,1,0
BRF:2
BRH:1
end_of_record
TN:
SF:/usr/www/src/reducers/todoReducer.js
FN:8,todoReducer
FN:25,addTodo
FN:37,archiveTodo
FN:59,updateTodo
FNF:4
FNH:4
FNDA:8,todoReducer
FNDA:2,addTodo
FNDA:2,archiveTodo
FNDA:1,updateTodo
DA:1,1
DA:2,1
DA:10,8
DA:12,2
DA:14,2
DA:16,1
DA:18,3
DA:27,2
DA:29,2
DA:30,2
DA:32,2
DA:39,2
DA:41,2
DA:42,2
DA:44,2
DA:46,1
DA:47,1
DA:49,1
DA:52,1
DA:61,1
DA:62,1
DA:65,1
LF:22
LH:22
BRDA:11,0,0,2
BRDA:11,0,1,2
BRDA:11,0,2,1
BRDA:11,0,3,3
BRDA:44,1,0,1
BRDA:44,1,1,1
BRF:6
BRH:6
end_of_record
