TN:
SF:/usr/www/src/actions/todoActions.js
FN:7,addTodoAction
FN:19,archiveTodoAction
FN:31,updateTodoAction
FN:44,inputChangeAction
FNF:4
FNH:3
FNDA:3,addTodoAction
FNDA:2,archiveTodoAction
FNDA:2,updateTodoAction
FNDA:0,inputChangeAction
DA:1,1
DA:2,1
DA:3,1
DA:4,1
DA:9,3
DA:21,2
DA:33,2
DA:46,0
LF:8
LH:7
BRF:0
BRH:0
end_of_record
TN:
SF:/usr/www/src/components/TodoPage/TodoForm.jsx
FN:7,TodoForm
FNF:1
FNH:1
FNDA:1,TodoForm
DA:1,1
DA:2,1
DA:7,3
DA:9,1
DA:14,1
LF:5
LH:5
BRDA:7,0,0,1
BRDA:7,0,1,0
BRF:2
BRH:1
end_of_record
TN:
SF:/usr/www/src/components/TodoPage/TodoFormContainer.jsx
FN:12,TodoFormContainer
FN:45,mapStateToProps
FNF:2
FNH:1
FNDA:0,TodoFormContainer
FNDA:1,mapStateToProps
DA:1,1
DA:2,1
DA:3,1
DA:4,1
DA:5,1
DA:12,0
DA:14,0
DA:15,0
DA:16,0
DA:21,0
DA:22,0
DA:28,0
DA:29,0
DA:34,0
DA:47,1
LF:15
LH:6
BRDA:12,0,0,0
BRDA:12,0,1,0
BRF:2
BRH:0
end_of_record
TN:
SF:/usr/www/src/components/TodoPage/TodoList.jsx
FN:7,TodoList
FN:16,(anonymous_10)
FNF:2
FNH:2
FNDA:3,TodoList
FNDA:9,(anonymous_10)
DA:1,1
DA:2,1
DA:7,9
DA:9,3
DA:13,3
DA:18,9
LF:6
LH:6
BRDA:7,0,0,3
BRDA:7,0,1,0
BRF:2
BRH:1
end_of_record
TN:
SF:/usr/www/src/components/TodoPage/TodoListContainer.jsx
FN:9,TodoListContainer
FN:24,mapStateToProps
FNF:2
FNH:2
FNDA:1,TodoListContainer
FNDA:1,mapStateToProps
DA:1,1
DA:2,1
DA:3,1
DA:4,1
DA:9,3
DA:11,1
DA:15,1
DA:26,1
LF:8
LH:8
BRDA:9,0,0,1
BRDA:9,0,1,0
BRF:2
BRH:1
end_of_record
TN:
SF:/usr/www/src/pages/TodoPage.jsx
FN:9,TodoPage
FNF:1
FNH:1
FNDA:2,TodoPage
DA:1,1
DA:2,1
DA:3,1
DA:4,1
DA:9,6
DA:11,2
DA:15,2
LF:7
LH:7
BRDA:9,0,0,2
BRDA:9,0,1,0
BRF:2
BRH:1
end_of_record
TN:
SF:/usr/www/src/reducers/todoReducer.js
FN:9,todoReducer
FN:28,addTodo
FN:40,archiveTodo
FN:62,updateTodo
FN:73,inputChange
FNF:5
FNH:4
FNDA:10,todoReducer
FNDA:2,addTodo
FNDA:2,archiveTodo
FNDA:1,updateTodo
FNDA:0,inputChange
DA:1,1
DA:2,1
DA:11,10
DA:13,2
DA:15,2
DA:17,1
DA:19,0
DA:21,5
DA:30,2
DA:32,2
DA:33,2
DA:35,2
DA:42,2
DA:44,2
DA:45,2
DA:47,2
DA:49,1
DA:50,1
DA:52,1
DA:55,1
DA:64,1
DA:65,1
DA:68,1
DA:75,0
DA:76,0
LF:25
LH:22
BRDA:12,0,0,2
BRDA:12,0,1,2
BRDA:12,0,2,1
BRDA:12,0,3,0
BRDA:12,0,4,5
BRDA:47,1,0,1
BRDA:47,1,1,1
BRF:7
BRH:6
end_of_record
